# JRE version: OpenJDK Runtime Environment (11.0.10) (build 11.0.10+0-b96-7249189)
# Java VM: OpenJDK 64-Bit Server VM (11.0.10+0-b96-7249189, mixed mode, tiered, compressed oops, g1 gc, windows-amd64)
Heap:
 garbage-first heap   total 310272K, used 48547K [0x0000000705000000, 0x0000000800000000)
  region size 1024K, 31 young (31744K), 4 survivors (4096K)
 Metaspace       used 43765K, capacity 44380K, committed 44592K, reserved 1089536K
  class space    used 5262K, capacity 5502K, committed 5504K, reserved 1048576K
GC Heap History (10 events):
Event: 0.391 GC heap before
{Heap before GC invocations=0 (full 0):
 garbage-first heap   total 258048K, used 27648K [0x0000000705000000, 0x0000000800000000)
  region size 1024K, 24 young (24576K), 0 survivors (0K)
 Metaspace       used 12221K, capacity 12344K, committed 12544K, reserved 1060864K
  class space    used 1151K, capacity 1175K, committed 1280K, reserved 1048576K
}
Event: 0.394 GC heap after
{Heap after GC invocations=1 (full 0):
 garbage-first heap   total 258048K, used 5889K [0x0000000705000000, 0x0000000800000000)
  region size 1024K, 3 young (3072K), 3 survivors (3072K)
 Metaspace       used 12221K, capacity 12344K, committed 12544K, reserved 1060864K
  class space    used 1151K, capacity 1175K, committed 1280K, reserved 1048576K
}
Event: 0.806 GC heap before
{Heap before GC invocations=1 (full 0):
 garbage-first heap   total 258048K, used 40705K [0x0000000705000000, 0x0000000800000000)
  region size 1024K, 38 young (38912K), 3 survivors (3072K)
 Metaspace       used 20903K, capacity 21214K, committed 21296K, reserved 1069056K
  class space    used 2279K, capacity 2415K, committed 2432K, reserved 1048576K
}
Event: 0.813 GC heap after
{Heap after GC invocations=2 (full 0):
 garbage-first heap   total 258048K, used 9436K [0x0000000705000000, 0x0000000800000000)
  region size 1024K, 7 young (7168K), 7 survivors (7168K)
 Metaspace       used 20903K, capacity 21214K, committed 21296K, reserved 1069056K
  class space    used 2279K, capacity 2415K, committed 2432K, reserved 1048576K
}
Event: 1.423 GC heap before
{Heap before GC invocations=3 (full 0):
 garbage-first heap   total 258048K, used 65756K [0x0000000705000000, 0x0000000800000000)
  region size 1024K, 57 young (58368K), 7 survivors (7168K)
 Metaspace       used 32602K, capacity 33087K, committed 33200K, reserved 1079296K
  class space    used 4127K, capacity 4326K, committed 4352K, reserved 1048576K
}
Event: 1.431 GC heap after
{Heap after GC invocations=4 (full 0):
 garbage-first heap   total 258048K, used 20855K [0x0000000705000000, 0x0000000800000000)
  region size 1024K, 8 young (8192K), 8 survivors (8192K)
 Metaspace       used 32602K, capacity 33087K, committed 33200K, reserved 1079296K
  class space    used 4127K, capacity 4326K, committed 4352K, reserved 1048576K
}
Event: 1.559 GC heap before
{Heap before GC invocations=4 (full 0):
 garbage-first heap   total 258048K, used 32119K [0x0000000705000000, 0x0000000800000000)
  region size 1024K, 20 young (20480K), 8 survivors (8192K)
 Metaspace       used 35249K, capacity 35754K, committed 35888K, reserved 1081344K
  class space    used 4425K, capacity 4618K, committed 4736K, reserved 1048576K
}
Event: 1.564 GC heap after
{Heap after GC invocations=5 (full 0):
 garbage-first heap   total 258048K, used 22589K [0x0000000705000000, 0x0000000800000000)
  region size 1024K, 10 young (10240K), 10 survivors (10240K)
 Metaspace       used 35249K, capacity 35754K, committed 35888K, reserved 1081344K
  class space    used 4425K, capacity 4618K, committed 4736K, reserved 1048576K
}
Event: 1.713 GC heap before
{Heap before GC invocations=6 (full 0):
 garbage-first heap   total 258048K, used 37949K [0x0000000705000000, 0x0000000800000000)
  region size 1024K, 25 young (25600K), 10 survivors (10240K)
 Metaspace       used 37862K, capacity 38347K, committed 38704K, reserved 1083392K
  class space    used 4699K, capacity 4880K, committed 4992K, reserved 1048576K
}
Event: 1.720 GC heap after
{Heap after GC invocations=7 (full 0):
 garbage-first heap   total 310272K, used 21923K [0x0000000705000000, 0x0000000800000000)
  region size 1024K, 4 young (4096K), 4 survivors (4096K)
 Metaspace       used 37862K, capacity 38347K, committed 38704K, reserved 1083392K
  class space    used 4699K, capacity 4880K, committed 4992K, reserved 1048576K
}

